2024-04-11T21:59:11.349+02:00  INFO 21760 --- [restartedMain] esercizi.Logging1.Logging1Application    : Starting Logging1Application using Java 21.0.2 with PID 21760 (C:\Users\rex3f\Documents\Developing\Develhope\Modulo Springboot Advanced\esercizi\Logging1\target\classes started by rex3f in C:\Users\rex3f\Documents\Developing\Develhope\Modulo Springboot Advanced\esercizi\Logging1)
2024-04-11T21:59:11.350+02:00  INFO 21760 --- [restartedMain] esercizi.Logging1.Logging1Application    : No active profile set, falling back to 1 default profile: "default"
2024-04-11T21:59:11.385+02:00  INFO 21760 --- [restartedMain] .e.DevToolsPropertyDefaultsPostProcessor : Devtools property defaults active! Set 'spring.devtools.add-properties' to 'false' to disable
2024-04-11T21:59:11.385+02:00  INFO 21760 --- [restartedMain] .e.DevToolsPropertyDefaultsPostProcessor : For additional web related logging consider setting the 'logging.level.web' property to 'DEBUG'
2024-04-11T21:59:11.861+02:00  INFO 21760 --- [restartedMain] .s.d.r.c.RepositoryConfigurationDelegate : Bootstrapping Spring Data JPA repositories in DEFAULT mode.
2024-04-11T21:59:11.877+02:00  INFO 21760 --- [restartedMain] .s.d.r.c.RepositoryConfigurationDelegate : Finished Spring Data repository scanning in 11 ms. Found 0 JPA repository interfaces.
2024-04-11T21:59:12.244+02:00  INFO 21760 --- [restartedMain] o.s.b.w.embedded.tomcat.TomcatWebServer  : Tomcat initialized with port 8080 (http)
2024-04-11T21:59:12.253+02:00  INFO 21760 --- [restartedMain] o.apache.catalina.core.StandardService   : Starting service [Tomcat]
2024-04-11T21:59:12.253+02:00  INFO 21760 --- [restartedMain] o.apache.catalina.core.StandardEngine    : Starting Servlet engine: [Apache Tomcat/10.1.19]
2024-04-11T21:59:12.288+02:00  INFO 21760 --- [restartedMain] o.a.c.c.C.[Tomcat].[localhost].[/]       : Initializing Spring embedded WebApplicationContext
2024-04-11T21:59:12.288+02:00  INFO 21760 --- [restartedMain] w.s.c.ServletWebServerApplicationContext : Root WebApplicationContext: initialization completed in 903 ms
2024-04-11T21:59:12.397+02:00  INFO 21760 --- [restartedMain] o.hibernate.jpa.internal.util.LogHelper  : HHH000204: Processing PersistenceUnitInfo [name: default]
2024-04-11T21:59:12.430+02:00  INFO 21760 --- [restartedMain] org.hibernate.Version                    : HHH000412: Hibernate ORM core version 6.4.4.Final
2024-04-11T21:59:12.451+02:00  INFO 21760 --- [restartedMain] o.h.c.internal.RegionFactoryInitiator    : HHH000026: Second-level cache disabled
2024-04-11T21:59:12.620+02:00  INFO 21760 --- [restartedMain] o.s.o.j.p.SpringPersistenceUnitInfo      : No LoadTimeWeaver setup: ignoring JPA class transformer
2024-04-11T21:59:12.640+02:00  INFO 21760 --- [restartedMain] com.zaxxer.hikari.HikariDataSource       : HikariPool-1 - Starting...
2024-04-11T21:59:12.850+02:00  INFO 21760 --- [restartedMain] com.zaxxer.hikari.pool.HikariPool        : HikariPool-1 - Added connection com.mysql.cj.jdbc.ConnectionImpl@3443cf68
2024-04-11T21:59:12.851+02:00  INFO 21760 --- [restartedMain] com.zaxxer.hikari.HikariDataSource       : HikariPool-1 - Start completed.
2024-04-11T21:59:12.885+02:00  WARN 21760 --- [restartedMain] org.hibernate.orm.deprecation            : HHH90000025: MySQLDialect does not need to be specified explicitly using 'hibernate.dialect' (remove the property setting and it will be selected by default)
2024-04-11T21:59:13.103+02:00  INFO 21760 --- [restartedMain] o.h.e.t.j.p.i.JtaPlatformInitiator       : HHH000489: No JTA platform available (set 'hibernate.transaction.jta.platform' to enable JTA platform integration)
2024-04-11T21:59:13.105+02:00  INFO 21760 --- [restartedMain] j.LocalContainerEntityManagerFactoryBean : Initialized JPA EntityManagerFactory for persistence unit 'default'
2024-04-11T21:59:13.151+02:00  WARN 21760 --- [restartedMain] JpaBaseConfiguration$JpaWebConfiguration : spring.jpa.open-in-view is enabled by default. Therefore, database queries may be performed during view rendering. Explicitly configure spring.jpa.open-in-view to disable this warning
2024-04-11T21:59:13.415+02:00  INFO 21760 --- [restartedMain] o.s.b.d.a.OptionalLiveReloadServer       : LiveReload server is running on port 35729
2024-04-11T21:59:13.438+02:00  INFO 21760 --- [restartedMain] o.s.b.w.embedded.tomcat.TomcatWebServer  : Tomcat started on port 8080 (http) with context path ''
2024-04-11T21:59:13.444+02:00  INFO 21760 --- [restartedMain] esercizi.Logging1.Logging1Application    : Started Logging1Application in 2.41 seconds (process running for 2.986)
2024-04-11T21:59:19.271+02:00  INFO 21760 --- [File Watcher] rtingClassPathChangeChangedEventListener : Restarting due to 4 class path changes (0 additions, 0 deletions, 4 modifications)
2024-04-11T21:59:19.278+02:00  INFO 21760 --- [Thread-5] j.LocalContainerEntityManagerFactoryBean : Closing JPA EntityManagerFactory for persistence unit 'default'
2024-04-11T21:59:19.280+02:00  INFO 21760 --- [Thread-5] com.zaxxer.hikari.HikariDataSource       : HikariPool-1 - Shutdown initiated...
2024-04-11T21:59:19.285+02:00  INFO 21760 --- [Thread-5] com.zaxxer.hikari.HikariDataSource       : HikariPool-1 - Shutdown completed.
2024-04-11T21:59:19.342+02:00  INFO 21760 --- [restartedMain] esercizi.Logging1.Logging1Application    : Starting Logging1Application using Java 21.0.2 with PID 21760 (C:\Users\rex3f\Documents\Developing\Develhope\Modulo Springboot Advanced\esercizi\Logging1\target\classes started by rex3f in C:\Users\rex3f\Documents\Developing\Develhope\Modulo Springboot Advanced\esercizi\Logging1)
2024-04-11T21:59:19.342+02:00  INFO 21760 --- [restartedMain] esercizi.Logging1.Logging1Application    : No active profile set, falling back to 1 default profile: "default"
2024-04-11T21:59:19.441+02:00  INFO 21760 --- [restartedMain] .s.d.r.c.RepositoryConfigurationDelegate : Bootstrapping Spring Data JPA repositories in DEFAULT mode.
2024-04-11T21:59:19.442+02:00  INFO 21760 --- [restartedMain] .s.d.r.c.RepositoryConfigurationDelegate : Finished Spring Data repository scanning in 1 ms. Found 0 JPA repository interfaces.
2024-04-11T21:59:19.495+02:00  INFO 21760 --- [restartedMain] o.s.b.w.embedded.tomcat.TomcatWebServer  : Tomcat initialized with port 8080 (http)
2024-04-11T21:59:19.496+02:00  INFO 21760 --- [restartedMain] o.apache.catalina.core.StandardService   : Starting service [Tomcat]
2024-04-11T21:59:19.496+02:00  INFO 21760 --- [restartedMain] o.apache.catalina.core.StandardEngine    : Starting Servlet engine: [Apache Tomcat/10.1.19]
2024-04-11T21:59:19.509+02:00  INFO 21760 --- [restartedMain] o.a.c.c.C.[Tomcat].[localhost].[/]       : Initializing Spring embedded WebApplicationContext
2024-04-11T21:59:19.510+02:00  INFO 21760 --- [restartedMain] w.s.c.ServletWebServerApplicationContext : Root WebApplicationContext: initialization completed in 167 ms
2024-04-11T21:59:19.530+02:00  INFO 21760 --- [restartedMain] o.hibernate.jpa.internal.util.LogHelper  : HHH000204: Processing PersistenceUnitInfo [name: default]
2024-04-11T21:59:19.532+02:00  INFO 21760 --- [restartedMain] o.h.c.internal.RegionFactoryInitiator    : HHH000026: Second-level cache disabled
2024-04-11T21:59:19.536+02:00  INFO 21760 --- [restartedMain] o.s.o.j.p.SpringPersistenceUnitInfo      : No LoadTimeWeaver setup: ignoring JPA class transformer
2024-04-11T21:59:19.536+02:00  INFO 21760 --- [restartedMain] com.zaxxer.hikari.HikariDataSource       : HikariPool-2 - Starting...
2024-04-11T21:59:19.546+02:00  INFO 21760 --- [restartedMain] com.zaxxer.hikari.pool.HikariPool        : HikariPool-2 - Added connection com.mysql.cj.jdbc.ConnectionImpl@61067d1a
2024-04-11T21:59:19.546+02:00  INFO 21760 --- [restartedMain] com.zaxxer.hikari.HikariDataSource       : HikariPool-2 - Start completed.
2024-04-11T21:59:19.547+02:00  WARN 21760 --- [restartedMain] org.hibernate.orm.deprecation            : HHH90000025: MySQLDialect does not need to be specified explicitly using 'hibernate.dialect' (remove the property setting and it will be selected by default)
2024-04-11T21:59:19.556+02:00  INFO 21760 --- [restartedMain] o.h.e.t.j.p.i.JtaPlatformInitiator       : HHH000489: No JTA platform available (set 'hibernate.transaction.jta.platform' to enable JTA platform integration)
2024-04-11T21:59:19.556+02:00  INFO 21760 --- [restartedMain] j.LocalContainerEntityManagerFactoryBean : Initialized JPA EntityManagerFactory for persistence unit 'default'
2024-04-11T21:59:19.570+02:00  WARN 21760 --- [restartedMain] JpaBaseConfiguration$JpaWebConfiguration : spring.jpa.open-in-view is enabled by default. Therefore, database queries may be performed during view rendering. Explicitly configure spring.jpa.open-in-view to disable this warning
2024-04-11T21:59:19.627+02:00  INFO 21760 --- [restartedMain] o.s.b.d.a.OptionalLiveReloadServer       : LiveReload server is running on port 35729
2024-04-11T21:59:19.633+02:00  INFO 21760 --- [restartedMain] o.s.b.w.embedded.tomcat.TomcatWebServer  : Tomcat started on port 8080 (http) with context path ''
2024-04-11T21:59:19.634+02:00  INFO 21760 --- [restartedMain] esercizi.Logging1.Logging1Application    : Started Logging1Application in 0.31 seconds (process running for 9.176)
2024-04-11T21:59:19.635+02:00  INFO 21760 --- [restartedMain] .ConditionEvaluationDeltaLoggingListener : Condition evaluation unchanged
2024-04-11T21:59:44.361+02:00  INFO 21760 --- [http-nio-8080-exec-1] o.a.c.c.C.[Tomcat].[localhost].[/]       : Initializing Spring DispatcherServlet 'dispatcherServlet'
2024-04-11T21:59:44.361+02:00  INFO 21760 --- [http-nio-8080-exec-1] o.s.web.servlet.DispatcherServlet        : Initializing Servlet 'dispatcherServlet'
2024-04-11T21:59:44.362+02:00  INFO 21760 --- [http-nio-8080-exec-1] o.s.web.servlet.DispatcherServlet        : Completed initialization in 1 ms
2024-04-11T21:59:44.406+02:00  INFO 21760 --- [http-nio-8080-exec-1] e.Logging1.controllers.BasicController   : Welcome message requested
2024-04-11T22:04:43.835+02:00  INFO 21760 --- [http-nio-8080-exec-6] e.Logging1.controllers.BasicController   : Calculation done
2024-04-11T22:04:43.836+02:00 DEBUG 21760 --- [http-nio-8080-exec-6] e.Logging1.services.BasicService         : Calculating power of 2 and 8
2024-04-11T22:04:43.836+02:00 DEBUG 21760 --- [http-nio-8080-exec-6] e.Logging1.services.BasicService         : Calculation finished with result: 256.0
2024-04-11T22:05:18.061+02:00  INFO 21760 --- [SpringApplicationShutdownHook] j.LocalContainerEntityManagerFactoryBean : Closing JPA EntityManagerFactory for persistence unit 'default'
2024-04-11T22:05:18.062+02:00  INFO 21760 --- [SpringApplicationShutdownHook] com.zaxxer.hikari.HikariDataSource       : HikariPool-2 - Shutdown initiated...
2024-04-11T22:05:18.065+02:00  INFO 21760 --- [SpringApplicationShutdownHook] com.zaxxer.hikari.HikariDataSource       : HikariPool-2 - Shutdown completed.
